<?xml version="1.0" encoding="UTF-8"?>
<!-- Generated by org.testng.reporters.JUnitXMLReporter -->
<testsuite hostname="DESKTOP-MN43DGH" failures="0" tests="1" name="sauce Test" time="21.948" errors="0" timestamp="7 Jul 2024 00:00:29 GMT">
  <testcase classname="appiumMobileTesting.appiumTest1" name="@BeforeClass setup" time="0.0">
    <failure type="org.openqa.selenium.UnsupportedCommandException" message="unknown command: Cannot call non W3C standard command while in W3C mode
Build info: version: &amp;apos;4.0.0-alpha-1&amp;apos;, revision: &amp;apos;d1d3728cae&amp;apos;, time: &amp;apos;2019-04-24T13:42:21&amp;apos;
System info: host: &amp;apos;DESKTOP-MN43DGH&amp;apos;, ip: &amp;apos;192.168.0.100&amp;apos;, os.name: &amp;apos;Windows 11&amp;apos;, os.arch: &amp;apos;amd64&amp;apos;, os.version: &amp;apos;10.0&amp;apos;, java.version: &amp;apos;17.0.10&amp;apos;
Driver info: io.appium.java_client.android.AndroidDriver
Capabilities {adbHost: 172.20.0.9, adbPort: 17111, appiumData: {appiumVersion: latest, automationName: UiAutomator2}, automationName: UiAutomator2, browserName: Chrome, chromeOptions: {w3c: true}, chromedriverChromeMappingFile: /root/.testobject_devices/w..., chromedriverExecutableDir: /root/.testobject_devices/w..., chromedriverPorts: [[3240, 3250]], databaseEnabled: false, desired: {adbHost: 172.20.0.9, adbPort: 17111, appActivity: com.android.chrome/com.goog..., appPackage: com.android.chrome, automationName: UiAutomator2, browserName: Chrome, chromeOptions: {w3c: true}, chromedriverChromeMappingFile: /root/.testobject_devices/w..., chromedriverExecutableDir: /root/.testobject_devices/w..., chromedriverPorts: [[3240, 3250]], deviceName: Samsung_Galaxy_S9_free, flutterSystemPort: 22611, platformName: Android, remoteAdbHost: 172.20.0.9, remoteAppsCacheLimit: 0, sauce:chromeOptions: {androidDevToolsPort: 22311}, sauce:options: {accessKey: 73dea4ec-fc2f-4124-92d9-308..., appiumVersion: latest, build: &amp;lt;your build id&amp;gt;, name: &amp;lt;your test name&amp;gt;, username: oauth-sathyahariram-abc48}, suppressKillServer: true, systemPort: 21111, uiautomator2ServerInstallTimeout: 60000}, deviceApiLevel: 29, deviceContextId: b43901bc-e4da-4b2b-8ca6-d98..., deviceManufacturer: samsung, deviceModel: SM-G960U1, deviceName: 513457444d443498, deviceScreenDensity: 640, deviceScreenSize: 1440x2960, deviceUDID: 513457444d443498, flutterSystemPort: 22611, javascriptEnabled: true, jobUuid: e744b556793c4282bb2d4234c66..., locationContextEnabled: false, networkConnectionEnabled: true, pixelRatio: 4, platform: LINUX, platformName: Android, platformVersion: 10, remoteAdbHost: 172.20.0.9, remoteAppsCacheLimit: 0, sauce:chromeOptions: {androidDevToolsPort: 22311}, sauce:options: {accessKey: 73dea4ec-fc2f-4124-92d9-308..., appiumVersion: latest, build: &amp;lt;your build id&amp;gt;, name: &amp;lt;your test name&amp;gt;, username: oauth-sathyahariram-abc48}, statBarHeight: 96, suppressKillServer: true, systemPort: 21111, takesScreenshot: true, testobject_device: Samsung_Galaxy_S9_free, testobject_device_name: Samsung Galaxy S9, testobject_device_session_id: 824f5cf2-7299-4466-b672-681..., testobject_test_report_api_url: https://api.us-west-1.sauce..., testobject_test_report_url: https://app.saucelabs.com/t..., testobject_user_id: oauth-sathyahariram-abc48, uiautomator2ServerInstallTimeout: 60000, usedCachedDevice: false, viewportRect: {height: 2864, left: 0, top: 96, width: 1440}, warnings: {}, webStorageEnabled: false}
Session ID: 265586b7-8236-4191-83b2-a27c1c0cff54">
      <![CDATA[org.openqa.selenium.UnsupportedCommandException: unknown command: Cannot call non W3C standard command while in W3C mode
Build info: version: '4.0.0-alpha-1', revision: 'd1d3728cae', time: '2019-04-24T13:42:21'
System info: host: 'DESKTOP-MN43DGH', ip: '192.168.0.100', os.name: 'Windows 11', os.arch: 'amd64', os.version: '10.0', java.version: '17.0.10'
Driver info: io.appium.java_client.android.AndroidDriver
Capabilities {adbHost: 172.20.0.9, adbPort: 17111, appiumData: {appiumVersion: latest, automationName: UiAutomator2}, automationName: UiAutomator2, browserName: Chrome, chromeOptions: {w3c: true}, chromedriverChromeMappingFile: /root/.testobject_devices/w..., chromedriverExecutableDir: /root/.testobject_devices/w..., chromedriverPorts: [[3240, 3250]], databaseEnabled: false, desired: {adbHost: 172.20.0.9, adbPort: 17111, appActivity: com.android.chrome/com.goog..., appPackage: com.android.chrome, automationName: UiAutomator2, browserName: Chrome, chromeOptions: {w3c: true}, chromedriverChromeMappingFile: /root/.testobject_devices/w..., chromedriverExecutableDir: /root/.testobject_devices/w..., chromedriverPorts: [[3240, 3250]], deviceName: Samsung_Galaxy_S9_free, flutterSystemPort: 22611, platformName: Android, remoteAdbHost: 172.20.0.9, remoteAppsCacheLimit: 0, sauce:chromeOptions: {androidDevToolsPort: 22311}, sauce:options: {accessKey: 73dea4ec-fc2f-4124-92d9-308..., appiumVersion: latest, build: <your build id>, name: <your test name>, username: oauth-sathyahariram-abc48}, suppressKillServer: true, systemPort: 21111, uiautomator2ServerInstallTimeout: 60000}, deviceApiLevel: 29, deviceContextId: b43901bc-e4da-4b2b-8ca6-d98..., deviceManufacturer: samsung, deviceModel: SM-G960U1, deviceName: 513457444d443498, deviceScreenDensity: 640, deviceScreenSize: 1440x2960, deviceUDID: 513457444d443498, flutterSystemPort: 22611, javascriptEnabled: true, jobUuid: e744b556793c4282bb2d4234c66..., locationContextEnabled: false, networkConnectionEnabled: true, pixelRatio: 4, platform: LINUX, platformName: Android, platformVersion: 10, remoteAdbHost: 172.20.0.9, remoteAppsCacheLimit: 0, sauce:chromeOptions: {androidDevToolsPort: 22311}, sauce:options: {accessKey: 73dea4ec-fc2f-4124-92d9-308..., appiumVersion: latest, build: <your build id>, name: <your test name>, username: oauth-sathyahariram-abc48}, statBarHeight: 96, suppressKillServer: true, systemPort: 21111, takesScreenshot: true, testobject_device: Samsung_Galaxy_S9_free, testobject_device_name: Samsung Galaxy S9, testobject_device_session_id: 824f5cf2-7299-4466-b672-681..., testobject_test_report_api_url: https://api.us-west-1.sauce..., testobject_test_report_url: https://app.saucelabs.com/t..., testobject_user_id: oauth-sathyahariram-abc48, uiautomator2ServerInstallTimeout: 60000, usedCachedDevice: false, viewportRect: {height: 2864, left: 0, top: 96, width: 1440}, warnings: {}, webStorageEnabled: false}
Session ID: 265586b7-8236-4191-83b2-a27c1c0cff54
	at org.openqa.selenium.remote.codec.w3c.W3CHttpResponseCodec.createException(W3CHttpResponseCodec.java:190)
	at org.openqa.selenium.remote.codec.w3c.W3CHttpResponseCodec.decode(W3CHttpResponseCodec.java:124)
	at org.openqa.selenium.remote.codec.w3c.W3CHttpResponseCodec.decode(W3CHttpResponseCodec.java:51)
	at org.openqa.selenium.remote.HttpCommandExecutor.execute(HttpCommandExecutor.java:161)
	at io.appium.java_client.remote.AppiumCommandExecutor.execute(AppiumCommandExecutor.java:239)
	at org.openqa.selenium.remote.RemoteWebDriver.execute(RemoteWebDriver.java:577)
	at org.openqa.selenium.remote.RemoteWebDriver.execute(RemoteWebDriver.java:634)
	at io.appium.java_client.DefaultGenericMobileDriver.execute(DefaultGenericMobileDriver.java:45)
	at io.appium.java_client.AppiumDriver.execute(AppiumDriver.java:1)
	at io.appium.java_client.android.AndroidDriver.execute(AndroidDriver.java:1)
	at io.appium.java_client.HasSessionDetails.getSessionDetails(HasSessionDetails.java:42)
	at io.appium.java_client.HasSessionDetails.getSessionDetail(HasSessionDetails.java:59)
	at io.appium.java_client.HasSessionDetails.getPlatformName(HasSessionDetails.java:68)
	at io.appium.java_client.internal.JsonToMobileElementConverter.<init>(JsonToMobileElementConverter.java:49)
	at io.appium.java_client.AppiumDriver.<init>(AppiumDriver.java:91)
	at io.appium.java_client.AppiumDriver.<init>(AppiumDriver.java:96)
	at io.appium.java_client.android.AndroidDriver.<init>(AndroidDriver.java:94)
	at Base.base.setup(base.java:45)
... Removed 29 stack frames]]>
    </failure>
  </testcase> <!-- @BeforeClass setup -->
  <testcase classname="appiumMobileTesting.appiumTest1" name="@AfterMethod tearDown" time="0.0">
    <skipped/>
  </testcase> <!-- @AfterMethod tearDown -->
  <testcase classname="appiumMobileTesting.appiumTest1" name="@AfterClass tearDown" time="0.0">
    <skipped/>
  </testcase> <!-- @AfterClass tearDown -->
  <testcase classname="appiumMobileTesting.appiumTest1" name="execute" time="0.002">
    <skipped/>
  </testcase> <!-- execute -->
</testsuite> <!-- sauce Test -->
