<?xml version="1.0" encoding="UTF-8"?>
<testng-results total="1" passed="0" failed="0" skipped="1">
  <reporter-output>
  </reporter-output>
  <suite started-at="2024-07-07T00:00:08Z" name="Saucelab Execution" finished-at="2024-07-07T00:00:29Z" duration-ms="21948">
    <groups>
    </groups>
    <test started-at="2024-07-07T00:00:08Z" name="sauce Test" finished-at="2024-07-07T00:00:29Z" duration-ms="21948">
      <class name="appiumMobileTesting.appiumTest1">
        <test-method is-config="true" signature="setup()[pri:0, instance:appiumMobileTesting.appiumTest1@63a65a25]" started-at="2024-07-06T17:00:08Z" name="setup" finished-at="2024-07-06T17:00:08Z" duration-ms="0" status="FAIL">
          <exception class="org.openqa.selenium.UnsupportedCommandException">
            <message>
              <![CDATA[unknown command: Cannot call non W3C standard command while in W3C mode
Build info: version: '4.0.0-alpha-1', revision: 'd1d3728cae', time: '2019-04-24T13:42:21'
System info: host: 'DESKTOP-MN43DGH', ip: '192.168.0.100', os.name: 'Windows 11', os.arch: 'amd64', os.version: '10.0', java.version: '17.0.10'
Driver info: io.appium.java_client.android.AndroidDriver
Capabilities {adbHost: 172.20.0.9, adbPort: 17111, appiumData: {appiumVersion: latest, automationName: UiAutomator2}, automationName: UiAutomator2, browserName: Chrome, chromeOptions: {w3c: true}, chromedriverChromeMappingFile: /root/.testobject_devices/w..., chromedriverExecutableDir: /root/.testobject_devices/w..., chromedriverPorts: [[3240, 3250]], databaseEnabled: false, desired: {adbHost: 172.20.0.9, adbPort: 17111, appActivity: com.android.chrome/com.goog..., appPackage: com.android.chrome, automationName: UiAutomator2, browserName: Chrome, chromeOptions: {w3c: true}, chromedriverChromeMappingFile: /root/.testobject_devices/w..., chromedriverExecutableDir: /root/.testobject_devices/w..., chromedriverPorts: [[3240, 3250]], deviceName: Samsung_Galaxy_S9_free, flutterSystemPort: 22611, platformName: Android, remoteAdbHost: 172.20.0.9, remoteAppsCacheLimit: 0, sauce:chromeOptions: {androidDevToolsPort: 22311}, sauce:options: {accessKey: 73dea4ec-fc2f-4124-92d9-308..., appiumVersion: latest, build: <your build id>, name: <your test name>, username: oauth-sathyahariram-abc48}, suppressKillServer: true, systemPort: 21111, uiautomator2ServerInstallTimeout: 60000}, deviceApiLevel: 29, deviceContextId: b43901bc-e4da-4b2b-8ca6-d98..., deviceManufacturer: samsung, deviceModel: SM-G960U1, deviceName: 513457444d443498, deviceScreenDensity: 640, deviceScreenSize: 1440x2960, deviceUDID: 513457444d443498, flutterSystemPort: 22611, javascriptEnabled: true, jobUuid: e744b556793c4282bb2d4234c66..., locationContextEnabled: false, networkConnectionEnabled: true, pixelRatio: 4, platform: LINUX, platformName: Android, platformVersion: 10, remoteAdbHost: 172.20.0.9, remoteAppsCacheLimit: 0, sauce:chromeOptions: {androidDevToolsPort: 22311}, sauce:options: {accessKey: 73dea4ec-fc2f-4124-92d9-308..., appiumVersion: latest, build: <your build id>, name: <your test name>, username: oauth-sathyahariram-abc48}, statBarHeight: 96, suppressKillServer: true, systemPort: 21111, takesScreenshot: true, testobject_device: Samsung_Galaxy_S9_free, testobject_device_name: Samsung Galaxy S9, testobject_device_session_id: 824f5cf2-7299-4466-b672-681..., testobject_test_report_api_url: https://api.us-west-1.sauce..., testobject_test_report_url: https://app.saucelabs.com/t..., testobject_user_id: oauth-sathyahariram-abc48, uiautomator2ServerInstallTimeout: 60000, usedCachedDevice: false, viewportRect: {height: 2864, left: 0, top: 96, width: 1440}, warnings: {}, webStorageEnabled: false}
Session ID: 265586b7-8236-4191-83b2-a27c1c0cff54]]>
            </message>
            <full-stacktrace>
              <![CDATA[org.openqa.selenium.UnsupportedCommandException: unknown command: Cannot call non W3C standard command while in W3C mode
Build info: version: '4.0.0-alpha-1', revision: 'd1d3728cae', time: '2019-04-24T13:42:21'
System info: host: 'DESKTOP-MN43DGH', ip: '192.168.0.100', os.name: 'Windows 11', os.arch: 'amd64', os.version: '10.0', java.version: '17.0.10'
Driver info: io.appium.java_client.android.AndroidDriver
Capabilities {adbHost: 172.20.0.9, adbPort: 17111, appiumData: {appiumVersion: latest, automationName: UiAutomator2}, automationName: UiAutomator2, browserName: Chrome, chromeOptions: {w3c: true}, chromedriverChromeMappingFile: /root/.testobject_devices/w..., chromedriverExecutableDir: /root/.testobject_devices/w..., chromedriverPorts: [[3240, 3250]], databaseEnabled: false, desired: {adbHost: 172.20.0.9, adbPort: 17111, appActivity: com.android.chrome/com.goog..., appPackage: com.android.chrome, automationName: UiAutomator2, browserName: Chrome, chromeOptions: {w3c: true}, chromedriverChromeMappingFile: /root/.testobject_devices/w..., chromedriverExecutableDir: /root/.testobject_devices/w..., chromedriverPorts: [[3240, 3250]], deviceName: Samsung_Galaxy_S9_free, flutterSystemPort: 22611, platformName: Android, remoteAdbHost: 172.20.0.9, remoteAppsCacheLimit: 0, sauce:chromeOptions: {androidDevToolsPort: 22311}, sauce:options: {accessKey: 73dea4ec-fc2f-4124-92d9-308..., appiumVersion: latest, build: <your build id>, name: <your test name>, username: oauth-sathyahariram-abc48}, suppressKillServer: true, systemPort: 21111, uiautomator2ServerInstallTimeout: 60000}, deviceApiLevel: 29, deviceContextId: b43901bc-e4da-4b2b-8ca6-d98..., deviceManufacturer: samsung, deviceModel: SM-G960U1, deviceName: 513457444d443498, deviceScreenDensity: 640, deviceScreenSize: 1440x2960, deviceUDID: 513457444d443498, flutterSystemPort: 22611, javascriptEnabled: true, jobUuid: e744b556793c4282bb2d4234c66..., locationContextEnabled: false, networkConnectionEnabled: true, pixelRatio: 4, platform: LINUX, platformName: Android, platformVersion: 10, remoteAdbHost: 172.20.0.9, remoteAppsCacheLimit: 0, sauce:chromeOptions: {androidDevToolsPort: 22311}, sauce:options: {accessKey: 73dea4ec-fc2f-4124-92d9-308..., appiumVersion: latest, build: <your build id>, name: <your test name>, username: oauth-sathyahariram-abc48}, statBarHeight: 96, suppressKillServer: true, systemPort: 21111, takesScreenshot: true, testobject_device: Samsung_Galaxy_S9_free, testobject_device_name: Samsung Galaxy S9, testobject_device_session_id: 824f5cf2-7299-4466-b672-681..., testobject_test_report_api_url: https://api.us-west-1.sauce..., testobject_test_report_url: https://app.saucelabs.com/t..., testobject_user_id: oauth-sathyahariram-abc48, uiautomator2ServerInstallTimeout: 60000, usedCachedDevice: false, viewportRect: {height: 2864, left: 0, top: 96, width: 1440}, warnings: {}, webStorageEnabled: false}
Session ID: 265586b7-8236-4191-83b2-a27c1c0cff54
	at java.base/jdk.internal.reflect.NativeConstructorAccessorImpl.newInstance0(Native Method)
	at java.base/jdk.internal.reflect.NativeConstructorAccessorImpl.newInstance(NativeConstructorAccessorImpl.java:77)
	at java.base/jdk.internal.reflect.DelegatingConstructorAccessorImpl.newInstance(DelegatingConstructorAccessorImpl.java:45)
	at java.base/java.lang.reflect.Constructor.newInstanceWithCaller(Constructor.java:499)
	at java.base/java.lang.reflect.Constructor.newInstance(Constructor.java:480)
	at org.openqa.selenium.remote.codec.w3c.W3CHttpResponseCodec.createException(W3CHttpResponseCodec.java:190)
	at org.openqa.selenium.remote.codec.w3c.W3CHttpResponseCodec.decode(W3CHttpResponseCodec.java:124)
	at org.openqa.selenium.remote.codec.w3c.W3CHttpResponseCodec.decode(W3CHttpResponseCodec.java:51)
	at org.openqa.selenium.remote.HttpCommandExecutor.execute(HttpCommandExecutor.java:161)
	at io.appium.java_client.remote.AppiumCommandExecutor.execute(AppiumCommandExecutor.java:239)
	at org.openqa.selenium.remote.RemoteWebDriver.execute(RemoteWebDriver.java:577)
	at org.openqa.selenium.remote.RemoteWebDriver.execute(RemoteWebDriver.java:634)
	at io.appium.java_client.DefaultGenericMobileDriver.execute(DefaultGenericMobileDriver.java:45)
	at io.appium.java_client.AppiumDriver.execute(AppiumDriver.java:1)
	at io.appium.java_client.android.AndroidDriver.execute(AndroidDriver.java:1)
	at io.appium.java_client.HasSessionDetails.getSessionDetails(HasSessionDetails.java:42)
	at io.appium.java_client.HasSessionDetails.getSessionDetail(HasSessionDetails.java:59)
	at io.appium.java_client.HasSessionDetails.getPlatformName(HasSessionDetails.java:68)
	at io.appium.java_client.internal.JsonToMobileElementConverter.<init>(JsonToMobileElementConverter.java:49)
	at io.appium.java_client.AppiumDriver.<init>(AppiumDriver.java:91)
	at io.appium.java_client.AppiumDriver.<init>(AppiumDriver.java:96)
	at io.appium.java_client.android.AndroidDriver.<init>(AndroidDriver.java:94)
	at Base.base.setup(base.java:45)
	at java.base/jdk.internal.reflect.NativeMethodAccessorImpl.invoke0(Native Method)
	at java.base/jdk.internal.reflect.NativeMethodAccessorImpl.invoke(NativeMethodAccessorImpl.java:77)
	at java.base/jdk.internal.reflect.DelegatingMethodAccessorImpl.invoke(DelegatingMethodAccessorImpl.java:43)
	at java.base/java.lang.reflect.Method.invoke(Method.java:568)
	at org.testng.internal.MethodInvocationHelper.invokeMethod(MethodInvocationHelper.java:85)
	at org.testng.internal.Invoker.invokeConfigurationMethod(Invoker.java:510)
	at org.testng.internal.Invoker.invokeConfigurations(Invoker.java:211)
	at org.testng.internal.Invoker.invokeConfigurations(Invoker.java:138)
	at org.testng.internal.TestMethodWorker.invokeBeforeClassMethods(TestMethodWorker.java:170)
	at org.testng.internal.TestMethodWorker.run(TestMethodWorker.java:104)
	at org.testng.TestRunner.privateRun(TestRunner.java:774)
	at org.testng.TestRunner.run(TestRunner.java:624)
	at org.testng.SuiteRunner.runTest(SuiteRunner.java:359)
	at org.testng.SuiteRunner.runSequentially(SuiteRunner.java:354)
	at org.testng.SuiteRunner.privateRun(SuiteRunner.java:312)
	at org.testng.SuiteRunner.run(SuiteRunner.java:261)
	at org.testng.SuiteRunnerWorker.runSuite(SuiteRunnerWorker.java:52)
	at org.testng.SuiteRunnerWorker.run(SuiteRunnerWorker.java:86)
	at org.testng.TestNG.runSuitesSequentially(TestNG.java:1215)
	at org.testng.TestNG.runSuitesLocally(TestNG.java:1140)
	at org.testng.TestNG.run(TestNG.java:1048)
	at org.testng.remote.AbstractRemoteTestNG.run(AbstractRemoteTestNG.java:115)
	at org.testng.remote.RemoteTestNG.initAndRun(RemoteTestNG.java:293)
	at org.testng.remote.RemoteTestNG.main(RemoteTestNG.java:91)
]]>
            </full-stacktrace>
          </exception> <!-- org.openqa.selenium.UnsupportedCommandException -->
          <reporter-output>
          </reporter-output>
        </test-method> <!-- setup -->
        <test-method signature="execute()[pri:0, instance:appiumMobileTesting.appiumTest1@63a65a25]" started-at="2024-07-06T17:00:29Z" name="execute" finished-at="2024-07-06T17:00:29Z" duration-ms="2" status="SKIP">
          <reporter-output>
          </reporter-output>
        </test-method> <!-- execute -->
        <test-method is-config="true" signature="tearDown()[pri:0, instance:appiumMobileTesting.appiumTest1@63a65a25]" started-at="2024-07-06T17:00:29Z" name="tearDown" finished-at="2024-07-06T17:00:29Z" duration-ms="0" status="SKIP">
          <reporter-output>
          </reporter-output>
        </test-method> <!-- tearDown -->
        <test-method is-config="true" signature="tearDown()[pri:0, instance:appiumMobileTesting.appiumTest1@63a65a25]" started-at="2024-07-06T17:00:29Z" name="tearDown" finished-at="2024-07-06T17:00:29Z" duration-ms="0" status="SKIP">
          <reporter-output>
          </reporter-output>
        </test-method> <!-- tearDown -->
      </class> <!-- appiumMobileTesting.appiumTest1 -->
    </test> <!-- sauce Test -->
  </suite> <!-- Saucelab Execution -->
</testng-results>
